app/build/intermediates/manifest_merge_blame_file/debug/manifest-merger-blame-debug-report.txt
1<?xml version="1.0" encoding="utf-8"?>
2<manifest xmlns:android="http://schemas.android.com/apk/res/android"
3    package="com.bh183.permana"
4    android:versionCode="1"
5    android:versionName="1.0" >
6
7    <uses-sdk
8        android:minSdkVersion="21"
8-->src\main\AndroidManifest.xml
9        android:targetSdkVersion="29" />
9-->src\main\AndroidManifest.xml
10
11    <uses-permission android:name="android.permission.READ_EXTERNAL_STORAGE" />
11-->src\main\AndroidManifest.xml:5:5-80
11-->src\main\AndroidManifest.xml:5:22-77
12    <uses-permission android:name="android.permission.WRITE_EXTERNAL_STORAGE" />
12-->src\main\AndroidManifest.xml:6:5-81
12-->src\main\AndroidManifest.xml:6:22-78
13
14    <application
14-->src\main\AndroidManifest.xml:8:5-34:19
15        android:allowBackup="true"
15-->src\main\AndroidManifest.xml:9:9-35
16        android:appComponentFactory="androidx.core.app.CoreComponentFactory"
16-->[androidx.core:core:1.1.0] AndroidManifest.xml:24:18-86
17        android:debuggable="true"
18        android:icon="@mipmap/ic_launcher"
18-->src\main\AndroidManifest.xml:10:9-43
19        android:label="@string/app_name"
19-->src\main\AndroidManifest.xml:11:9-41
20        android:roundIcon="@mipmap/ic_launcher_round"
20-->src\main\AndroidManifest.xml:12:9-54
21        android:supportsRtl="true"
21-->src\main\AndroidManifest.xml:13:9-35
22        android:testOnly="true"
23        android:theme="@style/AppTheme" >
23-->src\main\AndroidManifest.xml:14:9-40
24        <activity
24-->src\main\AndroidManifest.xml:15:9-22:20
25            android:name="com.bh183.permana.SplashScreen"
25-->src\main\AndroidManifest.xml:15:19-47
26            android:theme="@style/AppTheme2" >
26-->src\main\AndroidManifest.xml:16:13-45
27            <intent-filter>
27-->src\main\AndroidManifest.xml:17:13-21:29
28                <action android:name="android.intent.action.MAIN" />
28-->src\main\AndroidManifest.xml:18:17-69
28-->src\main\AndroidManifest.xml:18:25-66
29
30                <category android:name="android.intent.category.LAUNCHER" />
30-->src\main\AndroidManifest.xml:20:17-77
30-->src\main\AndroidManifest.xml:20:27-74
31            </intent-filter>
32        </activity>
33        <activity
33-->src\main\AndroidManifest.xml:23:9-25:58
34            android:name="com.bh183.permana.TampilActivity"
34-->src\main\AndroidManifest.xml:24:13-43
35            android:parentActivityName="com.bh183.permana.MainActivity" />
35-->src\main\AndroidManifest.xml:25:13-55
36        <activity
36-->src\main\AndroidManifest.xml:26:9-28:58
37            android:name="com.bh183.permana.InputActivity"
37-->src\main\AndroidManifest.xml:27:13-42
38            android:parentActivityName="com.bh183.permana.MainActivity" />
38-->src\main\AndroidManifest.xml:28:13-55
39        <activity android:name="com.bh183.permana.MainActivity" >
39-->src\main\AndroidManifest.xml:29:9-30:20
39-->src\main\AndroidManifest.xml:29:19-47
40        </activity>
41        <activity
41-->src\main\AndroidManifest.xml:31:9-33:59
42            android:name="com.theartofdev.edmodo.cropper.CropImageActivity"
42-->src\main\AndroidManifest.xml:32:13-76
43            android:theme="@style/Base.Theme.AppCompat" />
43-->src\main\AndroidManifest.xml:33:13-56
44    </application>
45
46</manifest>